2024-10-24 11:05:47,057 - INFO: The analyst rating scraper program started
2024-10-24 11:18:21,027 - INFO: 2024-10-24 the analyst rating data has been scrapped. Execution time: 00:12:33
2024-10-24 11:23:10,532 - INFO: The technical rating scraper program started
2024-10-24 11:42:05,174 - INFO: 2024-10-24 the daily technical rating data has been scrapped. Execution time: 00:18:54
2024-10-25 10:12:55,894 - INFO: The technical rating scraper program started
2024-10-25 10:32:19,029 - INFO: 2024-10-25 the daily technical rating data has been scrapped. Execution time: 00:19:23
2024-10-26 10:12:20,349 - INFO: The technical rating scraper program started
2024-10-26 10:31:21,148 - INFO: 2024-10-26 the daily technical rating data has been scrapped. Execution time: 00:19:00
2024-10-28 10:13:36,923 - INFO: The technical rating scraper program started
2024-10-28 10:32:04,852 - INFO: 2024-10-28 the daily technical rating data has been scrapped. Execution time: 00:18:27
2024-10-28 11:18:18,854 - INFO: The technical rating scraper program started
2024-10-28 11:37:52,471 - INFO: 2024-10-28 the weekly technical rating data has been scrapped. Execution time: 00:19:33
2024-10-29 10:12:52,740 - INFO: The technical rating scraper program started
2024-10-29 10:31:58,107 - INFO: 2024-10-29 the daily technical rating data has been scrapped. Execution time: 00:19:05
2024-10-30 10:13:35,564 - INFO: The technical rating scraper program started
2024-10-30 10:32:48,406 - INFO: 2024-10-30 the daily technical rating data has been scrapped. Execution time: 00:19:12
2024-10-31 10:12:56,608 - INFO: The technical rating scraper program started
2024-10-31 10:32:03,092 - INFO: 2024-10-31 the daily technical rating data has been scrapped. Execution time: 00:19:06
2024-11-01 10:13:20,980 - INFO: The technical rating scraper program started
2024-11-01 10:32:32,253 - INFO: 2024-11-01 the daily technical rating data has been scrapped. Execution time: 00:19:11
2024-11-02 10:11:31,049 - INFO: The technical rating scraper program started
2024-11-02 10:30:40,365 - INFO: 2024-11-02 the daily technical rating data has been scrapped. Execution time: 00:19:09
2024-11-02 12:34:53,187 - INFO: The technical rating scraper program started
2024-11-02 12:55:24,689 - INFO: 2024-11-02 the monthly technical rating data has been scrapped. Execution time: 00:20:31
2024-11-02 13:12:51,717 - INFO: The analyst rating scraper program started
2024-11-02 13:24:39,543 - INFO: 2024-11-02 the analyst rating data has been scrapped. Execution time: 00:11:47
2024-11-03 10:13:44,077 - INFO: The technical rating scraper program started
2024-11-03 10:32:19,123 - INFO: 2024-11-03 the daily technical rating data has been scrapped. Execution time: 00:18:35
2024-11-04 10:13:41,488 - INFO: The technical rating scraper program started
2024-11-04 10:32:34,666 - INFO: 2024-11-04 the daily technical rating data has been scrapped. Execution time: 00:18:53
2024-11-04 11:19:14,343 - INFO: The technical rating scraper program started
2024-11-04 11:38:37,423 - INFO: 2024-11-04 the weekly technical rating data has been scrapped. Execution time: 00:19:23
